<?xml version="1.0" encoding="UTF-8"?>
<!-- Generated by org.testng.reporters.JUnitReportReporter -->
<testsuite hostname="DESKTOP-8KCBSMA" name="Testing.HomepgTest" tests="2" failures="0" timestamp="30 Mar 2023 17:53:01 GMT" time="1.055" errors="0">
  <testcase name="LandedHomepg" time="0.918" classname="Testing.HomepgTest"/>
  <testcase name="NavigatedCustomerLogin" time="0.137" classname="Testing.HomepgTest"/>
</testsuite> <!-- Testing.HomepgTest -->
