<?xml version="1.0" encoding="UTF-8"?>
<!-- Generated by org.testng.reporters.JUnitReportReporter -->
<testsuite hostname="DESKTOP-BFVPL0E" failures="0" tests="2" name="Testing.HomepgTest" time="0.215" errors="0" timestamp="19 Feb 2024 15:51:52 GMT">
  <testcase classname="Testing.HomepgTest" name="CheckCart" time="0.078"/>
  <testcase classname="Testing.HomepgTest" name="AddToCart" time="0.137"/>
</testsuite>
