<?xml version="1.0" encoding="UTF-8"?>
<!-- Generated by org.testng.reporters.JUnitReportReporter -->
<testsuite hostname="DESKTOP-BFVPL0E" failures="0" tests="4" name="Testing.CheckoutpgTest" time="2.290" errors="0" timestamp="19 Feb 2024 15:51:52 GMT">
  <testcase classname="Testing.CheckoutpgTest" name="AddIncorrectInfo" time="0.587"/>
  <testcase classname="Testing.CheckoutpgTest" name="AddIncorrectInfo" time="0.594"/>
  <testcase classname="Testing.CheckoutpgTest" name="AddIncorrectInfo" time="0.639"/>
  <testcase classname="Testing.CheckoutpgTest" name="AddCorrectInfo" time="0.470"/>
</testsuite>
