<?xml version="1.0" encoding="UTF-8"?>
<!-- Generated by org.testng.reporters.JUnitReportReporter -->
<testsuite hostname="DESKTOP-BFVPL0E" failures="0" tests="1" name="Testing.FinishpgTest" time="2.296" errors="0" timestamp="19 Feb 2024 15:51:52 GMT">
  <testcase classname="Testing.FinishpgTest" name="GetInfo" time="2.296"/>
</testsuite>
