<?xml version="1.0" encoding="UTF-8"?>
<!-- Generated by org.testng.reporters.JUnitReportReporter -->
<testsuite hostname="DESKTOP-BFVPL0E" failures="0" tests="2" name="Testing.CartpgTest" time="0.241" errors="0" timestamp="19 Feb 2024 15:51:52 GMT">
  <testcase classname="Testing.CartpgTest" name="RemoveProduct" time="0.104"/>
  <testcase classname="Testing.CartpgTest" name="CheckOut" time="0.137"/>
</testsuite>
