<?xml version="1.0" encoding="UTF-8"?>
<!-- Generated by org.testng.reporters.JUnitReportReporter -->
<testsuite hostname="DESKTOP-8KCBSMA" name="org.example.AppTest" tests="1" failures="0" timestamp="17 Mar 2023 13:39:01 GMT" time="0.003" errors="0">
  <testcase name="testApp" time="0.003" classname="org.example.AppTest"/>
</testsuite>
