<?xml version="1.0" encoding="UTF-8"?>
<!-- Generated by org.testng.reporters.JUnitReportReporter -->
<testsuite hostname="DESKTOP-8KCBSMA" name="Testing.CartpgTest" tests="2" failures="0" timestamp="27 Mar 2023 16:55:42 GMT" time="0.470" errors="0">
  <testcase name="CheckOut" time="0.268" classname="Testing.CartpgTest"/>
  <testcase name="RemoveProduct" time="0.202" classname="Testing.CartpgTest"/>
</testsuite>
