<?xml version="1.0" encoding="UTF-8"?>
<!-- Generated by org.testng.reporters.JUnitReportReporter -->
<testsuite hostname="DESKTOP-8KCBSMA" name="Testing.HomepgTest" tests="2" failures="0" timestamp="27 Mar 2023 16:55:42 GMT" time="0.382" errors="0">
  <testcase name="AddToCart" time="0.243" classname="Testing.HomepgTest"/>
  <testcase name="CheckCart" time="0.139" classname="Testing.HomepgTest"/>
</testsuite>
