<?xml version="1.0" encoding="UTF-8"?>
<!-- Generated by org.testng.reporters.JUnitReportReporter -->
<testsuite hostname="DESKTOP-8KCBSMA" name="org.example.AppTest" tests="1" failures="0" timestamp="30 Mar 2023 17:53:01 GMT" time="0.005" errors="0">
  <testcase name="testApp" time="0.005" classname="org.example.AppTest"/>
</testsuite> <!-- org.example.AppTest -->
