<?xml version="1.0" encoding="UTF-8"?>
<!-- Generated by org.testng.reporters.JUnitReportReporter -->
<testsuite hostname="DESKTOP-8KCBSMA" name="Testing.CheckoutpgTest" tests="4" failures="0" timestamp="27 Mar 2023 16:55:42 GMT" time="4.841" errors="0">
  <testcase name="AddCorrectInfo" time="0.902" classname="Testing.CheckoutpgTest"/>
  <testcase name="AddIncorrectInfo" time="1.293" classname="Testing.CheckoutpgTest"/>
  <testcase name="AddIncorrectInfo" time="1.474" classname="Testing.CheckoutpgTest"/>
  <testcase name="AddIncorrectInfo" time="1.172" classname="Testing.CheckoutpgTest"/>
</testsuite>
