<?xml version="1.0" encoding="UTF-8"?>
<!-- Generated by org.testng.reporters.JUnitReportReporter -->
<testsuite hostname="DESKTOP-8KCBSMA" name="Testing.FinishpgTest" tests="1" failures="0" timestamp="27 Mar 2023 16:55:42 GMT" time="0.515" errors="0">
  <testcase name="GetInfo" time="0.515" classname="Testing.FinishpgTest"/>
</testsuite>
